<?xml version="1.0" encoding="UTF-8"?>
<testng-results ignored="0" total="1" passed="1" failed="0" skipped="0">
  <reporter-output>
  </reporter-output>
  <suite started-at="2023-01-11T21:35:00 IST" name="Surefire suite" finished-at="2023-01-11T21:35:00 IST" duration-ms="108">
    <groups>
    </groups>
    <test started-at="2023-01-11T21:35:00 IST" name="Surefire test" finished-at="2023-01-11T21:35:00 IST" duration-ms="108">
      <class name="com.orangeHRM.test_layer.Test1">
        <test-method signature="test()[pri:0, instance:com.orangeHRM.test_layer.Test1@43d7741f]" started-at="2023-01-11T21:35:00 IST" name="test" finished-at="2023-01-11T21:35:00 IST" duration-ms="12" status="PASS">
          <reporter-output>
          </reporter-output>
        </test-method> <!-- test -->
      </class> <!-- com.orangeHRM.test_layer.Test1 -->
    </test> <!-- Surefire test -->
  </suite> <!-- Surefire suite -->
</testng-results>
