<?xml version="1.0" encoding="UTF-8"?>
<testsuite xmlns:xsi="http://www.w3.org/2001/XMLSchema-instance" xsi:noNamespaceSchemaLocation="https://maven.apache.org/surefire/maven-surefire-plugin/xsd/surefire-test-report.xsd" name="TestSuite" time="3.402" tests="2" errors="0" skipped="0" failures="0">
  <properties>
[...]
</properties>
  <testcase name="test" classname="com.orangeHRM.test_layer.Test1" time="0.019"/>
  <testcase name="shouldAnswerWithTrue on shouldAnswerWithTrue(com.orangeHRM.test_layer.AppTest)" classname="com.orangeHRM.test_layer.AppTest" time="0.002"/>
</testsuite>